<?xml version="1.0" encoding="UTF-8"?>
<!-- Generated by org.testng.reporters.JUnitReportReporter -->
<testsuite hostname="VIGNESH-PC" failures="0" tests="1" name="com.runner.TestRunner" time="151.718" errors="0" timestamp="2023-03-14T12:58:49 IST" skipped="0">
  <testcase classname="com.runner.TestRunner" name="runScenario" time="151.718"/>
  <system-out/>
</testsuite> <!-- com.runner.TestRunner -->
